<?xml version="1.0" encoding="UTF-8"?>
<!-- Generated by org.testng.reporters.JUnitReportReporter -->
<testsuite hostname="PC350015" name="Search_MyAdmin.Search_Credit_Card_Within_Deadline" tests="1" failures="0" timestamp="12 Jun 2018 08:00:21 GMT" time="72.020" errors="0">
  <testcase name="SearchCreditCardWithinDeadline" time="72.020" classname="Search_MyAdmin.Search_Credit_Card_Within_Deadline"/>
</testsuite> <!-- Search_MyAdmin.Search_Credit_Card_Within_Deadline -->
