<?xml version="1.0" encoding="UTF-8"?>
<!-- Generated by org.testng.reporters.JUnitReportReporter -->
<testsuite hostname="PC350015" name="Search_MyAdmin.Search_Prepay" tests="1" failures="0" timestamp="12 Jun 2018 08:00:21 GMT" time="65.592" errors="0">
  <testcase name="SearchPrepay" time="65.592" classname="Search_MyAdmin.Search_Prepay"/>
</testsuite> <!-- Search_MyAdmin.Search_Prepay -->
