<?xml version="1.0" encoding="UTF-8"?>
<!-- Generated by org.testng.reporters.JUnitReportReporter -->
<testsuite hostname="PC350015" name="Search_MyAdmin.Search_Credit_Card" tests="1" failures="0" timestamp="12 Jun 2018 08:00:21 GMT" time="66.284" errors="0">
  <testcase name="SearchCreditCard" time="66.284" classname="Search_MyAdmin.Search_Credit_Card"/>
</testsuite> <!-- Search_MyAdmin.Search_Credit_Card -->
